<?xml version="1.0" encoding="UTF-8"?>
<!-- Generated by org.testng.reporters.JUnitReportReporter -->
<testsuite skipped="0" hostname="DELL-PC" name="hikedsalary.FirstTestNGFile" tests="1" failures="0" timestamp="25 Mar 2017 13:13:48 GMT" time="0.091" errors="0">
  <testcase name="verifyHomePage" time="0.091" classname="hikedsalary.FirstTestNGFile"/>
</testsuite> <!-- hikedsalary.FirstTestNGFile -->
