<?xml version="1.0" encoding="UTF-8"?>
<!-- Generated by org.testng.reporters.JUnitReportReporter -->
<testsuite skipped="0" hostname="DELL-PC" name="com.gmail.com.DemoAlert" tests="1" failures="0" timestamp="26 May 2017 09:20:37 GMT" time="32.180" errors="0">
  <testcase name="testLinks" time="32.180" classname="com.gmail.com.DemoAlert"/>
</testsuite> <!-- com.gmail.com.DemoAlert -->
