<?xml version="1.0" encoding="UTF-8"?>
<!-- Generated by org.testng.reporters.JUnitReportReporter -->
<testsuite skipped="0" hostname="DELL-PC" name="hikedsalary.ScreenshootGoogle" tests="1" failures="0" timestamp="29 Mar 2017 09:14:05 GMT" time="73.592" errors="0">
  <testcase name="TestJavaS1" time="73.592" classname="hikedsalary.ScreenshootGoogle"/>
</testsuite> <!-- hikedsalary.ScreenshootGoogle -->
