<?xml version="1.0" encoding="UTF-8"?>
<!-- Generated by org.testng.reporters.JUnitReportReporter -->
<testsuite skipped="0" hostname="DELL-PC" name="com.gmail.com.Alert" tests="1" failures="0" timestamp="25 May 2017 06:51:54 GMT" time="9.771" errors="0">
  <testcase name="testAlert" time="9.771" classname="com.gmail.com.Alert"/>
</testsuite> <!-- com.gmail.com.Alert -->
