<?xml version="1.0" encoding="UTF-8"?>
<!-- Generated by org.testng.reporters.JUnitReportReporter -->
<testsuite skipped="0" hostname="DELL-PC" name="parameterization.TestCases" tests="2" failures="0" timestamp="11 Apr 2017 12:59:27 GMT" time="24.710" errors="0">
  <testcase name="loginToGmail" time="9.038" classname="parameterization.TestCases"/>
  <testcase name="searchEmails" time="15.672" classname="parameterization.TestCases"/>
</testsuite> <!-- parameterization.TestCases -->
