<?xml version="1.0" encoding="UTF-8"?>
<!-- Generated by org.testng.reporters.JUnitReportReporter -->
<testsuite skipped="0" hostname="DELL-PC" name="parameterization.ParallelExecution" tests="2" failures="0" timestamp="18 May 2017 07:18:29 GMT" time="58.859" errors="0">
  <testcase name="crossBrowser" time="29.418" classname="parameterization.ParallelExecution"/>
  <testcase name="crossBrowser" time="29.441" classname="parameterization.ParallelExecution"/>
</testsuite> <!-- parameterization.ParallelExecution -->
